TN:
SF:src/person.js
FN:1,mapPerson
FNF:1
FNH:1
FNDA:3,mapPerson
DA:1,1
DA:2,3
DA:3,3
DA:4,3
DA:5,3
DA:6,3
DA:7,3
DA:8,3
DA:9,3
LF:9
LH:9
BRDA:1,0,0,3
BRF:1
BRH:1
end_of_record
TN:
SF:src/task.js
FN:1,<instance_members_initializer>
FN:3,save
FN:7,run
FNF:3
FNH:3
FNDA:1,<instance_members_initializer>
FNDA:2,save
FNDA:1,run
DA:1,1
DA:2,1
DA:3,1
DA:4,2
DA:5,2
DA:6,2
DA:7,1
DA:8,1
DA:9,52
DA:10,52
DA:11,1
DA:12,1
DA:13,1
DA:14,1
DA:15,51
DA:16,52
DA:17,77
DA:18,2
DA:19,2
DA:20,2
DA:21,77
DA:22,1
DA:23,1
DA:24,1
LF:24
LH:24
BRDA:1,0,0,1
BRDA:3,1,0,2
BRDA:7,2,0,1
BRDA:8,3,0,52
BRDA:10,4,0,1
BRDA:14,5,0,51
BRDA:16,6,0,77
BRDA:17,7,0,2
BRDA:21,8,0,51
BRF:9
BRH:9
end_of_record
