{"/home/dayvson/e-jest/modulo04-tdd-bdd/aula01-tdd/src/api.js": {"path":"/home/dayvson/e-jest/modulo04-tdd-bdd/aula01-tdd/src/api.js","all":false,"statementMap":{"0":{"start":{"line":1,"column":0},"end":{"line":1,"column":45}},"1":{"start":{"line":2,"column":0},"end":{"line":2,"column":36}},"2":{"start":{"line":3,"column":0},"end":{"line":3,"column":30}},"3":{"start":{"line":4,"column":0},"end":{"line":4,"column":0}},"4":{"start":{"line":5,"column":0},"end":{"line":5,"column":18}},"5":{"start":{"line":6,"column":0},"end":{"line":6,"column":0}},"6":{"start":{"line":7,"column":0},"end":{"line":7,"column":36}},"7":{"start":{"line":8,"column":0},"end":{"line":8,"column":74}},"8":{"start":{"line":9,"column":0},"end":{"line":9,"column":70}},"9":{"start":{"line":10,"column":0},"end":{"line":10,"column":51}},"10":{"start":{"line":11,"column":0},"end":{"line":11,"column":44}},"11":{"start":{"line":12,"column":0},"end":{"line":12,"column":31}},"12":{"start":{"line":13,"column":0},"end":{"line":13,"column":1}},"13":{"start":{"line":14,"column":0},"end":{"line":14,"column":0}},"14":{"start":{"line":15,"column":0},"end":{"line":15,"column":58}},"15":{"start":{"line":16,"column":0},"end":{"line":16,"column":7}},"16":{"start":{"line":17,"column":0},"end":{"line":17,"column":64}},"17":{"start":{"line":18,"column":0},"end":{"line":18,"column":59}},"18":{"start":{"line":19,"column":0},"end":{"line":19,"column":27}},"19":{"start":{"line":20,"column":0},"end":{"line":20,"column":16}},"20":{"start":{"line":21,"column":0},"end":{"line":21,"column":25}},"21":{"start":{"line":22,"column":0},"end":{"line":22,"column":48}},"22":{"start":{"line":23,"column":0},"end":{"line":23,"column":8}},"23":{"start":{"line":24,"column":0},"end":{"line":24,"column":31}},"24":{"start":{"line":25,"column":0},"end":{"line":25,"column":0}},"25":{"start":{"line":26,"column":0},"end":{"line":26,"column":31}},"26":{"start":{"line":27,"column":0},"end":{"line":27,"column":42}},"27":{"start":{"line":28,"column":0},"end":{"line":28,"column":9}},"28":{"start":{"line":29,"column":0},"end":{"line":29,"column":0}},"29":{"start":{"line":30,"column":0},"end":{"line":30,"column":59}},"30":{"start":{"line":31,"column":0},"end":{"line":31,"column":13}},"31":{"start":{"line":32,"column":0},"end":{"line":32,"column":5}},"32":{"start":{"line":33,"column":0},"end":{"line":33,"column":0}},"33":{"start":{"line":34,"column":0},"end":{"line":34,"column":71}},"34":{"start":{"line":35,"column":0},"end":{"line":35,"column":46}},"35":{"start":{"line":36,"column":0},"end":{"line":36,"column":57}},"36":{"start":{"line":37,"column":0},"end":{"line":37,"column":0}},"37":{"start":{"line":38,"column":0},"end":{"line":38,"column":41}},"38":{"start":{"line":39,"column":0},"end":{"line":39,"column":13}},"39":{"start":{"line":40,"column":0},"end":{"line":40,"column":5}},"40":{"start":{"line":41,"column":0},"end":{"line":41,"column":19}},"41":{"start":{"line":42,"column":0},"end":{"line":42,"column":71}},"42":{"start":{"line":43,"column":0},"end":{"line":43,"column":31}},"43":{"start":{"line":44,"column":0},"end":{"line":44,"column":42}},"44":{"start":{"line":45,"column":0},"end":{"line":45,"column":9}},"45":{"start":{"line":46,"column":0},"end":{"line":46,"column":71}},"46":{"start":{"line":47,"column":0},"end":{"line":47,"column":13}},"47":{"start":{"line":48,"column":0},"end":{"line":48,"column":5}},"48":{"start":{"line":49,"column":0},"end":{"line":49,"column":28}},"49":{"start":{"line":50,"column":0},"end":{"line":50,"column":31}},"50":{"start":{"line":51,"column":0},"end":{"line":51,"column":3}},"51":{"start":{"line":52,"column":0},"end":{"line":52,"column":31}},"52":{"start":{"line":53,"column":0},"end":{"line":53,"column":3}},"53":{"start":{"line":54,"column":0},"end":{"line":54,"column":0}},"54":{"start":{"line":55,"column":0},"end":{"line":55,"column":18}}},"s":{"0":1,"1":1,"2":1,"3":1,"4":1,"5":1,"6":2,"7":2,"8":2,"9":2,"10":2,"11":0,"12":2,"13":1,"14":1,"15":3,"16":3,"17":2,"18":2,"19":2,"20":2,"21":2,"22":2,"23":2,"24":2,"25":2,"26":2,"27":2,"28":2,"29":2,"30":2,"31":2,"32":1,"33":3,"34":1,"35":1,"36":1,"37":1,"38":1,"39":1,"40":3,"41":1,"42":1,"43":1,"44":1,"45":1,"46":1,"47":1,"48":0,"49":0,"50":0,"51":0,"52":1,"53":1,"54":1},"branchMap":{"0":{"type":"branch","line":7,"loc":{"start":{"line":7,"column":0},"end":{"line":13,"column":1}},"locations":[{"start":{"line":7,"column":0},"end":{"line":13,"column":1}}]},"1":{"type":"branch","line":9,"loc":{"start":{"line":9,"column":16},"end":{"line":10,"column":28}},"locations":[{"start":{"line":9,"column":16},"end":{"line":10,"column":28}}]},"2":{"type":"branch","line":10,"loc":{"start":{"line":10,"column":30},"end":{"line":10,"column":51}},"locations":[{"start":{"line":10,"column":30},"end":{"line":10,"column":51}}]},"3":{"type":"branch","line":10,"loc":{"start":{"line":10,"column":50},"end":{"line":11,"column":27}},"locations":[{"start":{"line":10,"column":50},"end":{"line":11,"column":27}}]},"4":{"type":"branch","line":11,"loc":{"start":{"line":11,"column":29},"end":{"line":12,"column":31}},"locations":[{"start":{"line":11,"column":29},"end":{"line":12,"column":31}}]},"5":{"type":"branch","line":15,"loc":{"start":{"line":15,"column":28},"end":{"line":53,"column":2}},"locations":[{"start":{"line":15,"column":28},"end":{"line":53,"column":2}}]},"6":{"type":"branch","line":17,"loc":{"start":{"line":17,"column":32},"end":{"line":17,"column":61}},"locations":[{"start":{"line":17,"column":32},"end":{"line":17,"column":61}}]},"7":{"type":"branch","line":17,"loc":{"start":{"line":17,"column":63},"end":{"line":32,"column":5}},"locations":[{"start":{"line":17,"column":63},"end":{"line":32,"column":5}}]},"8":{"type":"branch","line":32,"loc":{"start":{"line":32,"column":4},"end":{"line":34,"column":68}},"locations":[{"start":{"line":32,"column":4},"end":{"line":34,"column":68}}]},"9":{"type":"branch","line":34,"loc":{"start":{"line":34,"column":70},"end":{"line":40,"column":5}},"locations":[{"start":{"line":34,"column":70},"end":{"line":40,"column":5}}]},"10":{"type":"branch","line":41,"loc":{"start":{"line":41,"column":4},"end":{"line":51,"column":3}},"locations":[{"start":{"line":41,"column":4},"end":{"line":51,"column":3}}]},"11":{"type":"branch","line":48,"loc":{"start":{"line":48,"column":4},"end":{"line":51,"column":3}},"locations":[{"start":{"line":48,"column":4},"end":{"line":51,"column":3}}]},"12":{"type":"branch","line":51,"loc":{"start":{"line":51,"column":2},"end":{"line":53,"column":2}},"locations":[{"start":{"line":51,"column":2},"end":{"line":53,"column":2}}]},"13":{"type":"branch","line":36,"loc":{"start":{"line":36,"column":32},"end":{"line":36,"column":55}},"locations":[{"start":{"line":36,"column":32},"end":{"line":36,"column":55}}]}},"b":{"0":[2],"1":[1],"2":[1],"3":[0],"4":[0],"5":[3],"6":[2],"7":[2],"8":[1],"9":[1],"10":[1],"11":[0],"12":[0],"13":[1]},"fnMap":{"0":{"name":"getUserCategory","decl":{"start":{"line":7,"column":0},"end":{"line":13,"column":1}},"loc":{"start":{"line":7,"column":0},"end":{"line":13,"column":1}},"line":7}},"f":{"0":2}}
}
