TN:
SF:src/api.js
FN:7,getUserCategory
FNF:1
FNH:1
FNDA:2,getUserCategory
DA:1,1
DA:2,1
DA:3,1
DA:4,1
DA:5,1
DA:6,1
DA:7,2
DA:8,2
DA:9,2
DA:10,2
DA:11,2
DA:12,0
DA:13,2
DA:14,1
DA:15,1
DA:16,3
DA:17,3
DA:18,2
DA:19,2
DA:20,2
DA:21,2
DA:22,2
DA:23,2
DA:24,2
DA:25,2
DA:26,2
DA:27,2
DA:28,2
DA:29,2
DA:30,2
DA:31,2
DA:32,2
DA:33,1
DA:34,3
DA:35,1
DA:36,1
DA:37,1
DA:38,1
DA:39,1
DA:40,1
DA:41,3
DA:42,1
DA:43,1
DA:44,1
DA:45,1
DA:46,1
DA:47,1
DA:48,1
DA:49,0
DA:50,0
DA:51,0
DA:52,0
DA:53,1
DA:54,1
DA:55,1
LF:55
LH:50
BRDA:7,0,0,2
BRDA:9,1,0,1
BRDA:10,2,0,1
BRDA:10,3,0,0
BRDA:11,4,0,0
BRDA:15,5,0,3
BRDA:17,6,0,2
BRDA:17,7,0,2
BRDA:32,8,0,1
BRDA:34,9,0,1
BRDA:41,10,0,1
BRDA:48,11,0,0
BRDA:51,12,0,0
BRDA:36,13,0,1
BRF:14
BRH:10
end_of_record
