{"/home/dayvson/e-jest/modulo03-conceitos/aula06-end-to-end/src/index.js": {"path":"/home/dayvson/e-jest/modulo03-conceitos/aula06-end-to-end/src/index.js","all":false,"statementMap":{"0":{"start":{"line":1,"column":0},"end":{"line":1,"column":33}},"1":{"start":{"line":2,"column":0},"end":{"line":2,"column":0}},"2":{"start":{"line":3,"column":0},"end":{"line":3,"column":38}},"3":{"start":{"line":4,"column":0},"end":{"line":4,"column":41}},"4":{"start":{"line":5,"column":0},"end":{"line":5,"column":40}},"5":{"start":{"line":6,"column":0},"end":{"line":6,"column":81}},"6":{"start":{"line":7,"column":0},"end":{"line":7,"column":5}},"7":{"start":{"line":8,"column":0},"end":{"line":8,"column":1}},"8":{"start":{"line":9,"column":0},"end":{"line":9,"column":0}},"9":{"start":{"line":10,"column":0},"end":{"line":10,"column":22}},"10":{"start":{"line":11,"column":0},"end":{"line":11,"column":0}},"11":{"start":{"line":12,"column":0},"end":{"line":12,"column":2}},"12":{"start":{"line":13,"column":0},"end":{"line":13,"column":19}},"13":{"start":{"line":14,"column":0},"end":{"line":14,"column":39}},"14":{"start":{"line":15,"column":0},"end":{"line":15,"column":60}},"15":{"start":{"line":16,"column":0},"end":{"line":16,"column":31}},"16":{"start":{"line":17,"column":0},"end":{"line":17,"column":2}}},"s":{"0":1,"1":1,"2":1,"3":1,"4":1,"5":1,"6":1,"7":1,"8":1,"9":1,"10":1,"11":1,"12":1,"13":1,"14":1,"15":1,"16":1},"branchMap":{"0":{"type":"branch","line":4,"loc":{"start":{"line":4,"column":34},"end":{"line":7,"column":3}},"locations":[{"start":{"line":4,"column":34},"end":{"line":7,"column":3}}]}},"b":{"0":[1]},"fnMap":{},"f":{}}
,"/home/dayvson/e-jest/modulo03-conceitos/aula06-end-to-end/src/person.js": {"path":"/home/dayvson/e-jest/modulo03-conceitos/aula06-end-to-end/src/person.js","all":false,"statementMap":{"0":{"start":{"line":1,"column":0},"end":{"line":1,"column":14}},"1":{"start":{"line":2,"column":0},"end":{"line":2,"column":27}},"2":{"start":{"line":3,"column":0},"end":{"line":3,"column":58}},"3":{"start":{"line":4,"column":0},"end":{"line":4,"column":56}},"4":{"start":{"line":5,"column":0},"end":{"line":5,"column":3}},"5":{"start":{"line":6,"column":0},"end":{"line":6,"column":0}},"6":{"start":{"line":7,"column":0},"end":{"line":7,"column":25}},"7":{"start":{"line":8,"column":0},"end":{"line":8,"column":55}},"8":{"start":{"line":9,"column":0},"end":{"line":9,"column":12}},"9":{"start":{"line":10,"column":0},"end":{"line":10,"column":41}},"10":{"start":{"line":11,"column":0},"end":{"line":11,"column":11}},"11":{"start":{"line":12,"column":0},"end":{"line":12,"column":34}},"12":{"start":{"line":13,"column":0},"end":{"line":13,"column":6}},"13":{"start":{"line":14,"column":0},"end":{"line":14,"column":3}},"14":{"start":{"line":15,"column":0},"end":{"line":15,"column":0}},"15":{"start":{"line":16,"column":0},"end":{"line":16,"column":23}},"16":{"start":{"line":17,"column":0},"end":{"line":17,"column":69}},"17":{"start":{"line":18,"column":0},"end":{"line":18,"column":72}},"18":{"start":{"line":19,"column":0},"end":{"line":19,"column":5}},"19":{"start":{"line":20,"column":0},"end":{"line":20,"column":0}},"20":{"start":{"line":21,"column":0},"end":{"line":21,"column":42}},"21":{"start":{"line":22,"column":0},"end":{"line":22,"column":3}},"22":{"start":{"line":23,"column":0},"end":{"line":23,"column":0}},"23":{"start":{"line":24,"column":0},"end":{"line":24,"column":26}},"24":{"start":{"line":25,"column":0},"end":{"line":25,"column":26}},"25":{"start":{"line":26,"column":0},"end":{"line":26,"column":48}},"26":{"start":{"line":27,"column":0},"end":{"line":27,"column":31}},"27":{"start":{"line":28,"column":0},"end":{"line":28,"column":33}},"28":{"start":{"line":29,"column":0},"end":{"line":29,"column":16}},"29":{"start":{"line":30,"column":0},"end":{"line":30,"column":3}},"30":{"start":{"line":31,"column":0},"end":{"line":31,"column":1}},"31":{"start":{"line":32,"column":0},"end":{"line":32,"column":0}},"32":{"start":{"line":33,"column":0},"end":{"line":33,"column":66}},"33":{"start":{"line":34,"column":0},"end":{"line":34,"column":0}},"34":{"start":{"line":35,"column":0},"end":{"line":35,"column":22}}},"s":{"0":1,"1":1,"2":2,"3":2,"4":2,"5":1,"6":1,"7":1,"8":1,"9":1,"10":1,"11":1,"12":1,"13":1,"14":1,"15":1,"16":1,"17":0,"18":0,"19":1,"20":1,"21":1,"22":1,"23":1,"24":2,"25":2,"26":2,"27":2,"28":2,"29":2,"30":1,"31":1,"32":1,"33":1,"34":1},"branchMap":{"0":{"type":"branch","line":2,"loc":{"start":{"line":2,"column":9},"end":{"line":5,"column":3}},"locations":[{"start":{"line":2,"column":9},"end":{"line":5,"column":3}}]},"1":{"type":"branch","line":3,"loc":{"start":{"line":3,"column":22},"end":{"line":3,"column":58}},"locations":[{"start":{"line":3,"column":22},"end":{"line":3,"column":58}}]},"2":{"type":"branch","line":4,"loc":{"start":{"line":4,"column":21},"end":{"line":4,"column":56}},"locations":[{"start":{"line":4,"column":21},"end":{"line":4,"column":56}}]},"3":{"type":"branch","line":7,"loc":{"start":{"line":7,"column":9},"end":{"line":14,"column":3}},"locations":[{"start":{"line":7,"column":9},"end":{"line":14,"column":3}}]},"4":{"type":"branch","line":16,"loc":{"start":{"line":16,"column":9},"end":{"line":22,"column":3}},"locations":[{"start":{"line":16,"column":9},"end":{"line":22,"column":3}}]},"5":{"type":"branch","line":17,"loc":{"start":{"line":17,"column":68},"end":{"line":19,"column":5}},"locations":[{"start":{"line":17,"column":68},"end":{"line":19,"column":5}}]},"6":{"type":"branch","line":17,"loc":{"start":{"line":17,"column":44},"end":{"line":17,"column":65}},"locations":[{"start":{"line":17,"column":44},"end":{"line":17,"column":65}}]},"7":{"type":"branch","line":24,"loc":{"start":{"line":24,"column":9},"end":{"line":30,"column":3}},"locations":[{"start":{"line":24,"column":9},"end":{"line":30,"column":3}}]}},"b":{"0":[2],"1":[0],"2":[1],"3":[1],"4":[1],"5":[0],"6":[3],"7":[2]},"fnMap":{"0":{"name":"validate","decl":{"start":{"line":2,"column":9},"end":{"line":5,"column":3}},"loc":{"start":{"line":2,"column":9},"end":{"line":5,"column":3}},"line":2},"1":{"name":"format","decl":{"start":{"line":7,"column":9},"end":{"line":14,"column":3}},"loc":{"start":{"line":7,"column":9},"end":{"line":14,"column":3}},"line":7},"2":{"name":"save","decl":{"start":{"line":16,"column":9},"end":{"line":22,"column":3}},"loc":{"start":{"line":16,"column":9},"end":{"line":22,"column":3}},"line":16},"3":{"name":"process","decl":{"start":{"line":24,"column":9},"end":{"line":30,"column":3}},"loc":{"start":{"line":24,"column":9},"end":{"line":30,"column":3}},"line":24}},"f":{"0":2,"1":1,"2":1,"3":2}}
,"/home/dayvson/e-jest/modulo03-conceitos/aula06-end-to-end/src/server.js": {"path":"/home/dayvson/e-jest/modulo03-conceitos/aula06-end-to-end/src/server.js","all":false,"statementMap":{"0":{"start":{"line":1,"column":0},"end":{"line":1,"column":36}},"1":{"start":{"line":2,"column":0},"end":{"line":2,"column":30}},"2":{"start":{"line":3,"column":0},"end":{"line":3,"column":33}},"3":{"start":{"line":4,"column":0},"end":{"line":4,"column":0}},"4":{"start":{"line":5,"column":0},"end":{"line":5,"column":58}},"5":{"start":{"line":6,"column":0},"end":{"line":6,"column":64}},"6":{"start":{"line":7,"column":0},"end":{"line":7,"column":28}},"7":{"start":{"line":8,"column":0},"end":{"line":8,"column":30}},"8":{"start":{"line":9,"column":0},"end":{"line":9,"column":11}},"9":{"start":{"line":10,"column":0},"end":{"line":10,"column":3}},"10":{"start":{"line":11,"column":0},"end":{"line":11,"column":0}},"11":{"start":{"line":12,"column":0},"end":{"line":12,"column":7}},"12":{"start":{"line":13,"column":0},"end":{"line":13,"column":58}},"13":{"start":{"line":14,"column":0},"end":{"line":14,"column":52}},"14":{"start":{"line":15,"column":0},"end":{"line":15,"column":52}},"15":{"start":{"line":16,"column":0},"end":{"line":16,"column":19}},"16":{"start":{"line":17,"column":0},"end":{"line":17,"column":45}},"17":{"start":{"line":18,"column":0},"end":{"line":18,"column":30}},"18":{"start":{"line":19,"column":0},"end":{"line":19,"column":21}},"19":{"start":{"line":20,"column":0},"end":{"line":20,"column":24}},"20":{"start":{"line":21,"column":0},"end":{"line":21,"column":40}},"21":{"start":{"line":22,"column":0},"end":{"line":22,"column":10}},"22":{"start":{"line":23,"column":0},"end":{"line":23,"column":8}},"23":{"start":{"line":24,"column":0},"end":{"line":24,"column":21}},"24":{"start":{"line":25,"column":0},"end":{"line":25,"column":13}},"25":{"start":{"line":26,"column":0},"end":{"line":26,"column":5}},"26":{"start":{"line":27,"column":0},"end":{"line":27,"column":0}},"27":{"start":{"line":28,"column":0},"end":{"line":28,"column":37}},"28":{"start":{"line":29,"column":0},"end":{"line":29,"column":28}},"29":{"start":{"line":30,"column":0},"end":{"line":30,"column":19}},"30":{"start":{"line":31,"column":0},"end":{"line":31,"column":3}},"31":{"start":{"line":32,"column":0},"end":{"line":32,"column":3}},"32":{"start":{"line":33,"column":0},"end":{"line":33,"column":0}},"33":{"start":{"line":34,"column":0},"end":{"line":34,"column":22}}},"s":{"0":1,"1":1,"2":1,"3":1,"4":1,"5":2,"6":1,"7":1,"8":1,"9":1,"10":1,"11":1,"12":1,"13":1,"14":1,"15":1,"16":1,"17":1,"18":1,"19":1,"20":1,"21":1,"22":1,"23":1,"24":1,"25":1,"26":0,"27":0,"28":0,"29":0,"30":0,"31":1,"32":1,"33":1},"branchMap":{"0":{"type":"branch","line":5,"loc":{"start":{"line":5,"column":28},"end":{"line":32,"column":2}},"locations":[{"start":{"line":5,"column":28},"end":{"line":32,"column":2}}]},"1":{"type":"branch","line":6,"loc":{"start":{"line":6,"column":63},"end":{"line":31,"column":3}},"locations":[{"start":{"line":6,"column":63},"end":{"line":31,"column":3}}]},"2":{"type":"branch","line":26,"loc":{"start":{"line":26,"column":4},"end":{"line":31,"column":3}},"locations":[{"start":{"line":26,"column":4},"end":{"line":31,"column":3}}]}},"b":{"0":[2],"1":[1],"2":[0]},"fnMap":{},"f":{}}
}
